Arguments: 
  /usr/local/bin/node /usr/local/Cellar/yarn/1.7.0/libexec/bin/yarn.js add bitcoinjs-lib

PATH: 
  /usr/local/bin:/usr/bin:/bin:/usr/sbin:/sbin:/opt/metasploit-framework/bin:/opt/metasploit-framework/bin

Yarn version: 
  1.7.0

Node version: 
  8.11.2

Platform: 
  darwin x64

Trace: 
  Error: https://registry.yarnpkg.com/bitcoinjs-lib: ETIMEDOUT
      at Timeout._onTimeout (/usr/local/Cellar/yarn/1.7.0/libexec/lib/cli.js:135339:19)
      at ontimeout (timers.js:498:11)
      at tryOnTimeout (timers.js:323:5)
      at Timer.listOnTimeout (timers.js:290:5)

npm manifest: 
  {
    "name": "telegram-bitcoin-bot",
    "version": "1.0.0",
    "description": "Telegram bitcoin bot",
    "main": "app.js",
    "repository": "https://github.com/voroncv/telegram-bitcoin-bot.git",
    "author": "Alexandr Voroncov <defauthack@gmail.com>",
    "license": "MIT",
    "dependencies": {
      "telegraf": "^3.22.2"
    }
  }

yarn manifest: 
  No manifest

Lockfile: 
  # THIS IS AN AUTOGENERATED FILE. DO NOT EDIT THIS FILE DIRECTLY.
  # yarn lockfile v1
  
  
  "@types/node@^10.1.2":
    version "10.5.7"
    resolved "https://registry.yarnpkg.com/@types/node/-/node-10.5.7.tgz#960d9feb3ade2233bcc9843c918d740b4f78a7cf"
  
  debug@^3.0.0:
    version "3.1.0"
    resolved "https://registry.yarnpkg.com/debug/-/debug-3.1.0.tgz#5bb5a0672628b64149566ba16819e61518c67261"
    dependencies:
      ms "2.0.0"
  
  ms@2.0.0:
    version "2.0.0"
    resolved "https://registry.yarnpkg.com/ms/-/ms-2.0.0.tgz#5608aeadfc00be6c2901df5f9861788de0d597c8"
  
  node-fetch@^2.2.0:
    version "2.2.0"
    resolved "https://registry.yarnpkg.com/node-fetch/-/node-fetch-2.2.0.tgz#4ee79bde909262f9775f731e3656d0db55ced5b5"
  
  sandwich-stream@^1.0.0:
    version "1.0.0"
    resolved "https://registry.yarnpkg.com/sandwich-stream/-/sandwich-stream-1.0.0.tgz#7830e45797b5933287f1f9b28f871907456262f2"
  
  telegraf@^3.22.2:
    version "3.22.2"
    resolved "https://registry.yarnpkg.com/telegraf/-/telegraf-3.22.2.tgz#ae8304a853565377867461d001b21619b0190abb"
    dependencies:
      "@types/node" "^10.1.2"
      debug "^3.0.0"
      node-fetch "^2.2.0"
      sandwich-stream "^1.0.0"
      telegram-typings "^3.6.0"
      typescript "^3.0.1"
  
  telegram-typings@^3.6.0:
    version "3.6.1"
    resolved "https://registry.yarnpkg.com/telegram-typings/-/telegram-typings-3.6.1.tgz#1288d547f8694b61f1c01c2993e295f3114d9e25"
  
  typescript@^3.0.1:
    version "3.0.1"
    resolved "https://registry.yarnpkg.com/typescript/-/typescript-3.0.1.tgz#43738f29585d3a87575520a4b93ab6026ef11fdb"
